Arguments: 
  /opt/homebrew/Cellar/node/19.1.0/bin/node /opt/homebrew/bin/yarn init

PATH: 
  /Users/phammanh/Library/pnpm:/opt/homebrew/opt/php@7.4/sbin:/opt/homebrew/opt/php@7.4/bin:/opt/homebrew/opt/php@7.4/sbin:/opt/homebrew/opt/php@7.4/bin:/Users/phammanh/Library/pnpm:/opt/homebrew/bin:/opt/homebrew/sbin:/usr/local/bin:/System/Cryptexes/App/usr/bin:/usr/bin:/bin:/usr/sbin:/sbin:/Library/Apple/usr/bin:/Users/phammanh/.nvm/versions/node/v18.15.0/bin:/Users/phammanh/Library/pnpm:/opt/homebrew/opt/php@7.4/sbin:/opt/homebrew/opt/php@7.4/bin:/opt/homebrew/bin:/opt/homebrew/sbin:/Users/phammanh/.fig/bin:/Users/phammanh/.local/bin:/Users/phammanh/Library/Android/sdk/emulator:/Users/phammanh/Library/Android/sdk/tools:/Users/phammanh/Library/Android/sdk/tools/bin:/Users/phammanh/Library/Android/sdk/platform-tools:/Users/phammanh/Library/Android/sdk/cmdline-tools/latest:/Users/phammanh/.yarn/bin:/Users/phammanh/flutter/bin:/Users/phammanh/protoc/bin:/Users/phammanh/Library/Android/sdk/emulator:/Users/phammanh/Library/Android/sdk/tools:/Users/phammanh/Library/Android/sdk/tools/bin:/Users/phammanh/Library/Android/sdk/platform-tools:/Users/phammanh/Library/Android/sdk/cmdline-tools/latest:/Users/phammanh/.yarn/bin:/Users/phammanh/flutter/bin:/Users/phammanh/protoc/bin

Yarn version: 
  1.22.17

Node version: 
  19.1.0

Platform: 
  darwin arm64

Trace: 
  Error: canceled
      at Interface.<anonymous> (/opt/homebrew/lib/node_modules/yarn/lib/cli.js:137143:13)
      at Interface.emit (node:events:513:28)
      at [_ttyWrite] [as _ttyWrite] (node:internal/readline/interface:1125:18)
      at ReadStream.onkeypress (node:internal/readline/interface:274:20)
      at ReadStream.emit (node:events:513:28)
      at emitKeys (node:internal/readline/utils:357:14)
      at emitKeys.next (<anonymous>)
      at ReadStream.onData (node:internal/readline/emitKeypressEvents:64:36)
      at ReadStream.emit (node:events:513:28)
      at addChunk (node:internal/streams/readable:324:12)

npm manifest: 
  No manifest

yarn manifest: 
  No manifest

Lockfile: 
  No lockfile
